<?xml version="1.0" encoding="UTF-8"?>
<!-- Generated by org.testng.reporters.JUnitReportReporter -->
<testsuite skipped="0" hostname="LAPTOP-01TN7J6A" name="Testsuites.MainTestSuite" tests="1" failures="0" timestamp="23 Jan 2019 09:37:06 GMT" time="7.010" errors="0">
  <testcase name="testCaseForGoogleSearch" time="7.010" classname="Testsuites.MainTestSuite"/>
</testsuite> <!-- Testsuites.MainTestSuite -->
